**********************
Windows PowerShell transcript start
Start time: 20230622184448
Username: FLUSHINGSAVINGS\bchucda
RunAs User: FLUSHINGSAVINGS\bchucda
Configuration Name: 
Machine: ITNOTEBOOK001 (Microsoft Windows NT 10.0.22621.0)
Host Application: C:\WINDOWS\System32\WindowsPowerShell\v1.0\powershell.exe -NoProfile -ExecutionPolicy Bypass -Command Import-Module 'c:\Users\bchucda\.vscode\extensions\ms-vscode.powershell-2023.6.0\modules\PowerShellEditorServices\PowerShellEditorServices.psd1'; Start-EditorServices -HostName 'Visual Studio Code Host' -HostProfileId 'Microsoft.VSCode' -HostVersion '2023.6.0' -AdditionalModules @('PowerShellEditorServices.VSCode') -BundledModulesPath 'c:\Users\bchucda\.vscode\extensions\ms-vscode.powershell-2023.6.0\modules' -EnableConsoleRepl -StartupBanner "PowerShell Extension v2023.6.0
Copyright (c) Microsoft Corporation.

https://aka.ms/vscode-powershell
Type 'help' to get help.
" -LogLevel 'Normal' -LogPath 'c:\Users\bchucda\AppData\Roaming\Code\User\globalStorage\ms-vscode.powershell\logs\1687467322-c8f9b7f1-239e-49a4-8b59-4e58760fc5191687467320335\EditorServices.log' -SessionDetailsPath 'c:\Users\bchucda\AppData\Roaming\Code\User\globalStorage\ms-vscode.powershell\sessions\PSES-VSCode-26228-530936.json' -FeatureFlags @() 
Process ID: 26236
PSVersion: 5.1.22621.1778
PSEdition: Desktop
PSCompatibleVersions: 1.0, 2.0, 3.0, 4.0, 5.0, 5.1.22621.1778
BuildVersion: 10.0.22621.1778
CLRVersion: 4.0.30319.42000
WSManStackVersion: 3.0
PSRemotingProtocolVersion: 2.3
SerializationVersion: 1.1.0.1
**********************
Transcript started, output file is C:\Scripts\Add-ADUsers.log
**********************
Windows PowerShell transcript end
End time: 20230622184449
**********************
