**********************
Windows PowerShell transcript start
Start time: 20231121111030
Username: FLUSHINGSAVINGS\bchucda
RunAs User: FLUSHINGSAVINGS\bchucda
Configuration Name: 
Machine: ITNOTEBOOK001 (Microsoft Windows NT 10.0.22631.0)
Host Application: C:\WINDOWS\System32\WindowsPowerShell\v1.0\powershell.exe -NoProfile -ExecutionPolicy Bypass -Command Import-Module 'c:\Users\bchucda\.vscode\extensions\ms-vscode.powershell-2023.6.0\modules\PowerShellEditorServices\PowerShellEditorServices.psd1'; Start-EditorServices -HostName 'Visual Studio Code Host' -HostProfileId 'Microsoft.VSCode' -HostVersion '2023.6.0' -AdditionalModules @('PowerShellEditorServices.VSCode') -BundledModulesPath 'c:\Users\bchucda\.vscode\extensions\ms-vscode.powershell-2023.6.0\modules' -EnableConsoleRepl -StartupBanner "PowerShell Extension v2023.6.0
Copyright (c) Microsoft Corporation.

https://aka.ms/vscode-powershell
Type 'help' to get help.
" -LogLevel 'Normal' -LogPath 'c:\Users\bchucda\AppData\Roaming\Code\User\globalStorage\ms-vscode.powershell\logs\1700504657-d024c706-e2c9-4e87-bb0f-306354a4de0d1700504655413\EditorServices.log' -SessionDetailsPath 'c:\Users\bchucda\AppData\Roaming\Code\User\globalStorage\ms-vscode.powershell\sessions\PSES-VSCode-26016-472649.json' -FeatureFlags @() 
Process ID: 35084
PSVersion: 5.1.22621.2506
PSEdition: Desktop
PSCompatibleVersions: 1.0, 2.0, 3.0, 4.0, 5.0, 5.1.22621.2506
BuildVersion: 10.0.22621.2506
CLRVersion: 4.0.30319.42000
WSManStackVersion: 3.0
PSRemotingProtocolVersion: 2.3
SerializationVersion: 1.1.0.1
**********************
Transcript started, output file is C:\Scripts\OutputFiles\Add-ADUsers.log
msalerno already exists in AzureFiles-Marcus Public
mcruz already exists in AzureFiles-Marcus Public
PKosambia already exists in AzureFiles-Marcus Public
SCohen already exists in AzureFiles-Marcus Public
jodom already exists in AzureFiles-Marcus Public
mwalsh already exists in AzureFiles-Marcus Public
**********************
Windows PowerShell transcript end
End time: 20231121111032
**********************
