**********************
Windows PowerShell transcript start
Start time: 20231107105418
Username: FLUSHINGSAVINGS\bchucda
RunAs User: FLUSHINGSAVINGS\bchucda
Configuration Name: 
Machine: ITNOTEBOOK001 (Microsoft Windows NT 10.0.22621.0)
Host Application: C:\WINDOWS\System32\WindowsPowerShell\v1.0\powershell.exe -NoProfile -ExecutionPolicy Bypass -Command Import-Module 'c:\Users\bchucda\.vscode\extensions\ms-vscode.powershell-2023.6.0\modules\PowerShellEditorServices\PowerShellEditorServices.psd1'; Start-EditorServices -HostName 'Visual Studio Code Host' -HostProfileId 'Microsoft.VSCode' -HostVersion '2023.6.0' -AdditionalModules @('PowerShellEditorServices.VSCode') -BundledModulesPath 'c:\Users\bchucda\.vscode\extensions\ms-vscode.powershell-2023.6.0\modules' -EnableConsoleRepl -StartupBanner "PowerShell Extension v2023.6.0
Copyright (c) Microsoft Corporation.

https://aka.ms/vscode-powershell
Type 'help' to get help.
" -LogLevel 'Normal' -LogPath 'c:\Users\bchucda\AppData\Roaming\Code\User\globalStorage\ms-vscode.powershell\logs\1698679053-bcb83184-b488-46e7-8ee1-ffd25f5ff88b1698679048741\EditorServices.log' -SessionDetailsPath 'c:\Users\bchucda\AppData\Roaming\Code\User\globalStorage\ms-vscode.powershell\sessions\PSES-VSCode-8968-974651.json' -FeatureFlags @() 
Process ID: 4168
PSVersion: 5.1.22621.2506
PSEdition: Desktop
PSCompatibleVersions: 1.0, 2.0, 3.0, 4.0, 5.0, 5.1.22621.2506
BuildVersion: 10.0.22621.2506
CLRVersion: 4.0.30319.42000
WSManStackVersion: 3.0
PSRemotingProtocolVersion: 2.3
SerializationVersion: 1.1.0.1
**********************
Transcript started, output file is C:\Temp\Remove-ADUsers.log
What if: Performing the operation "Set" on target "CN=SSO_AdobeAcrobatStandard,OU=SSO,OU=Security Groups,OU=FSB,DC=flushingsavings,DC=com".
Removed AGoess@flushingbank.com from SSO_AdobeAcrobatStandard
What if: Performing the operation "Set" on target "CN=SSO_AdobeAcrobatStandard,OU=SSO,OU=Security Groups,OU=FSB,DC=flushingsavings,DC=com".
Removed AJin@flushingbank.com from SSO_AdobeAcrobatStandard
FKorzekwinski@flushingbank.com does not exist in AD
What if: Performing the operation "Set" on target "CN=SSO_AdobeAcrobatStandard,OU=SSO,OU=Security Groups,OU=FSB,DC=flushingsavings,DC=com".
Removed RLauria@flushingbank.com from SSO_AdobeAcrobatStandard
What if: Performing the operation "Set" on target "CN=SSO_AdobeAcrobatStandard,OU=SSO,OU=Security Groups,OU=FSB,DC=flushingsavings,DC=com".
Removed TLynn@flushingbank.com from SSO_AdobeAcrobatStandard
What if: Performing the operation "Set" on target "CN=SSO_AdobeAcrobatStandard,OU=SSO,OU=Security Groups,OU=FSB,DC=flushingsavings,DC=com".
Removed CMea@flushingbank.com from SSO_AdobeAcrobatStandard
What if: Performing the operation "Set" on target "CN=SSO_AdobeAcrobatStandard,OU=SSO,OU=Security Groups,OU=FSB,DC=flushingsavings,DC=com".
Removed MMiliano@flushingbank.com from SSO_AdobeAcrobatStandard
What if: Performing the operation "Set" on target "CN=SSO_AdobeAcrobatStandard,OU=SSO,OU=Security Groups,OU=FSB,DC=flushingsavings,DC=com".
Removed PMurray@flushingbank.com from SSO_AdobeAcrobatStandard
What if: Performing the operation "Set" on target "CN=SSO_AdobeAcrobatStandard,OU=SSO,OU=Security Groups,OU=FSB,DC=flushingsavings,DC=com".
Removed CPennino@flushingbank.com from SSO_AdobeAcrobatStandard
What if: Performing the operation "Set" on target "CN=SSO_AdobeAcrobatStandard,OU=SSO,OU=Security Groups,OU=FSB,DC=flushingsavings,DC=com".
Removed MPortnoy@flushingbank.com from SSO_AdobeAcrobatStandard
What if: Performing the operation "Set" on target "CN=SSO_AdobeAcrobatStandard,OU=SSO,OU=Security Groups,OU=FSB,DC=flushingsavings,DC=com".
Removed ASavastano@flushingbank.com from SSO_AdobeAcrobatStandard
What if: Performing the operation "Set" on target "CN=SSO_AdobeAcrobatStandard,OU=SSO,OU=Security Groups,OU=FSB,DC=flushingsavings,DC=com".
Removed ESilva@flushingbank.com from SSO_AdobeAcrobatStandard
MSingh@flushingbank.com does not exist in SSO_AdobeAcrobatStandard
What if: Performing the operation "Set" on target "CN=SSO_AdobeAcrobatStandard,OU=SSO,OU=Security Groups,OU=FSB,DC=flushingsavings,DC=com".
Removed MSoffer@flushingbank.com from SSO_AdobeAcrobatStandard
What if: Performing the operation "Set" on target "CN=SSO_AdobeAcrobatStandard,OU=SSO,OU=Security Groups,OU=FSB,DC=flushingsavings,DC=com".
Removed ASompolou@flushingbank.com from SSO_AdobeAcrobatStandard
What if: Performing the operation "Set" on target "CN=SSO_AdobeAcrobatStandard,OU=SSO,OU=Security Groups,OU=FSB,DC=flushingsavings,DC=com".
Removed WStumpf@flushingbank.com from SSO_AdobeAcrobatStandard
What if: Performing the operation "Set" on target "CN=SSO_AdobeAcrobatStandard,OU=SSO,OU=Security Groups,OU=FSB,DC=flushingsavings,DC=com".
Removed NTavares@flushingbank.com from SSO_AdobeAcrobatStandard
What if: Performing the operation "Set" on target "CN=SSO_AdobeAcrobatStandard,OU=SSO,OU=Security Groups,OU=FSB,DC=flushingsavings,DC=com".
Removed STaylor@flushingbank.com from SSO_AdobeAcrobatStandard
What if: Performing the operation "Set" on target "CN=SSO_AdobeAcrobatStandard,OU=SSO,OU=Security Groups,OU=FSB,DC=flushingsavings,DC=com".
Removed RWhite@flushingbank.com from SSO_AdobeAcrobatStandard
**********************
Windows PowerShell transcript end
End time: 20231107105441
**********************
**********************
Windows PowerShell transcript start
Start time: 20231107110045
Username: FLUSHINGSAVINGS\bchucda
RunAs User: FLUSHINGSAVINGS\bchucda
Configuration Name: 
Machine: ITNOTEBOOK001 (Microsoft Windows NT 10.0.22621.0)
Host Application: C:\WINDOWS\System32\WindowsPowerShell\v1.0\powershell.exe -NoProfile -ExecutionPolicy Bypass -Command Import-Module 'c:\Users\bchucda\.vscode\extensions\ms-vscode.powershell-2023.6.0\modules\PowerShellEditorServices\PowerShellEditorServices.psd1'; Start-EditorServices -HostName 'Visual Studio Code Host' -HostProfileId 'Microsoft.VSCode' -HostVersion '2023.6.0' -AdditionalModules @('PowerShellEditorServices.VSCode') -BundledModulesPath 'c:\Users\bchucda\.vscode\extensions\ms-vscode.powershell-2023.6.0\modules' -EnableConsoleRepl -StartupBanner "PowerShell Extension v2023.6.0
Copyright (c) Microsoft Corporation.

https://aka.ms/vscode-powershell
Type 'help' to get help.
" -LogLevel 'Normal' -LogPath 'c:\Users\bchucda\AppData\Roaming\Code\User\globalStorage\ms-vscode.powershell\logs\1698679053-bcb83184-b488-46e7-8ee1-ffd25f5ff88b1698679048741\EditorServices.log' -SessionDetailsPath 'c:\Users\bchucda\AppData\Roaming\Code\User\globalStorage\ms-vscode.powershell\sessions\PSES-VSCode-8968-974651.json' -FeatureFlags @() 
Process ID: 4168
PSVersion: 5.1.22621.2506
PSEdition: Desktop
PSCompatibleVersions: 1.0, 2.0, 3.0, 4.0, 5.0, 5.1.22621.2506
BuildVersion: 10.0.22621.2506
CLRVersion: 4.0.30319.42000
WSManStackVersion: 3.0
PSRemotingProtocolVersion: 2.3
SerializationVersion: 1.1.0.1
**********************
Transcript started, output file is C:\Temp\Remove-ADUsers.log
What if: Performing the operation "Set" on target "CN=SSO_AdobeAcrobatStandard,OU=SSO,OU=Security Groups,OU=FSB,DC=flushingsavings,DC=com".
Removed PAkosah@flushingbank.com from SSO_AdobeAcrobatStandard
What if: Performing the operation "Set" on target "CN=SSO_AdobeAcrobatStandard,OU=SSO,OU=Security Groups,OU=FSB,DC=flushingsavings,DC=com".
Removed PDolan@flushingbank.com from SSO_AdobeAcrobatStandard
What if: Performing the operation "Set" on target "CN=SSO_AdobeAcrobatStandard,OU=SSO,OU=Security Groups,OU=FSB,DC=flushingsavings,DC=com".
Removed DGist@flushingbank.com from SSO_AdobeAcrobatStandard
What if: Performing the operation "Set" on target "CN=SSO_AdobeAcrobatStandard,OU=SSO,OU=Security Groups,OU=FSB,DC=flushingsavings,DC=com".
Removed DLee@flushingbank.com from SSO_AdobeAcrobatStandard
What if: Performing the operation "Set" on target "CN=SSO_AdobeAcrobatStandard,OU=SSO,OU=Security Groups,OU=FSB,DC=flushingsavings,DC=com".
Removed PMarshall@flushingbank.com from SSO_AdobeAcrobatStandard
What if: Performing the operation "Set" on target "CN=SSO_AdobeAcrobatStandard,OU=SSO,OU=Security Groups,OU=FSB,DC=flushingsavings,DC=com".
Removed MMeihoefer@flushingbank.com from SSO_AdobeAcrobatStandard
What if: Performing the operation "Set" on target "CN=SSO_AdobeAcrobatStandard,OU=SSO,OU=Security Groups,OU=FSB,DC=flushingsavings,DC=com".
Removed GMorse@flushingbank.com from SSO_AdobeAcrobatStandard
What if: Performing the operation "Set" on target "CN=SSO_AdobeAcrobatStandard,OU=SSO,OU=Security Groups,OU=FSB,DC=flushingsavings,DC=com".
Removed MPollis@flushingbank.com from SSO_AdobeAcrobatStandard
What if: Performing the operation "Set" on target "CN=SSO_AdobeAcrobatStandard,OU=SSO,OU=Security Groups,OU=FSB,DC=flushingsavings,DC=com".
Removed AWalia@flushingbank.com from SSO_AdobeAcrobatStandard
**********************
Windows PowerShell transcript end
End time: 20231107110100
**********************
